  [1m[35m (0.1ms)[0m  [1m[34mSELECT sqlite_version(*)[0m
  [1m[35m (1.2ms)[0m  [1m[35mCREATE TABLE "schema_migrations" ("version" varchar NOT NULL PRIMARY KEY)[0m
  [1m[35m (1.6ms)[0m  [1m[35mCREATE TABLE "ar_internal_metadata" ("key" varchar NOT NULL PRIMARY KEY, "value" varchar, "created_at" datetime NOT NULL, "updated_at" datetime NOT NULL)[0m
  [1m[35m (0.3ms)[0m  [1m[34mSELECT "schema_migrations"."version" FROM "schema_migrations" ORDER BY "schema_migrations"."version" ASC[0m
Migrating to CreateEntries (20170811154026)
  [1m[35m (0.1ms)[0m  [1m[36mbegin transaction[0m
  [1m[35m (0.5ms)[0m  [1m[35mCREATE TABLE "entries" ("id" INTEGER PRIMARY KEY AUTOINCREMENT NOT NULL, "name" varchar, "user_name" varchar, "tz" varchar, "image" varchar, "email" varchar, "created_at" datetime NOT NULL, "updated_at" datetime NOT NULL)[0m
  [1m[35mSQL (0.5ms)[0m  [1m[32mINSERT INTO "schema_migrations" ("version") VALUES (?)[0m  [["version", "20170811154026"]]
  [1m[35m (1.1ms)[0m  [1m[36mcommit transaction[0m
  [1m[36mActiveRecord::InternalMetadata Load (0.2ms)[0m  [1m[34mSELECT  "ar_internal_metadata".* FROM "ar_internal_metadata" WHERE "ar_internal_metadata"."key" = ? LIMIT ?[0m  [["key", "environment"], ["LIMIT", 1]]
  [1m[35m (0.1ms)[0m  [1m[36mbegin transaction[0m
  [1m[35mSQL (0.4ms)[0m  [1m[32mINSERT INTO "ar_internal_metadata" ("key", "value", "created_at", "updated_at") VALUES (?, ?, ?, ?)[0m  [["key", "environment"], ["value", "development"], ["created_at", "2017-08-11 15:41:01.120124"], ["updated_at", "2017-08-11 15:41:01.120124"]]
  [1m[35m (1.7ms)[0m  [1m[36mcommit transaction[0m
  [1m[35m (0.2ms)[0m  [1m[34mSELECT "schema_migrations"."version" FROM "schema_migrations" ORDER BY "schema_migrations"."version" ASC[0m
Started POST "/entries" for 127.0.0.1 at 2017-08-11 11:56:50 -0400
  [1m[35m (1.1ms)[0m  [1m[34mSELECT "schema_migrations"."version" FROM "schema_migrations" ORDER BY "schema_migrations"."version" ASC[0m
Processing by EntriesController#create as */*
  Parameters: {"name"=>"Logan Morales", "user_name"=>"moralesl5", "tz"=>"America/New_York", "image"=>"https://avatars.slack-edge.com/2017-05-20/186122847829_5e70481d42b638de7260_512.jpg", "email"=>"loganjmorales@gmail.com"}
Unpermitted parameter: :user_name
  [1m[35m (0.5ms)[0m  [1m[36mbegin transaction[0m
  [1m[35mSQL (5.5ms)[0m  [1m[32mINSERT INTO "entries" ("name", "tz", "image", "email", "created_at", "updated_at") VALUES (?, ?, ?, ?, ?, ?)[0m  [["name", "Logan Morales"], ["tz", "America/New_York"], ["image", "https://avatars.slack-edge.com/2017-05-20/186122847829_5e70481d42b638de7260_512.jpg"], ["email", "loganjmorales@gmail.com"], ["created_at", "2017-08-11 15:56:53.961193"], ["updated_at", "2017-08-11 15:56:53.961193"]]
  [1m[35m (7.0ms)[0m  [1m[36mcommit transaction[0m
Completed 200 OK in 236ms (Views: 25.1ms | ActiveRecord: 14.6ms)


Started POST "/entries" for 127.0.0.1 at 2017-08-11 11:57:46 -0400
  [1m[35m (0.7ms)[0m  [1m[34mSELECT "schema_migrations"."version" FROM "schema_migrations" ORDER BY "schema_migrations"."version" ASC[0m
Processing by EntriesController#create as */*
  Parameters: {"name"=>"Logan Morales", "user_name"=>"moralesl5", "tz"=>"America/New_York", "image"=>"https://avatars.slack-edge.com/2017-05-20/186122847829_5e70481d42b638de7260_512.jpg", "email"=>"loganjmorales@gmail.com"}
  [1m[35m (0.1ms)[0m  [1m[36mbegin transaction[0m
  [1m[35mSQL (0.7ms)[0m  [1m[32mINSERT INTO "entries" ("name", "user_name", "tz", "image", "email", "created_at", "updated_at") VALUES (?, ?, ?, ?, ?, ?, ?)[0m  [["name", "Logan Morales"], ["user_name", "moralesl5"], ["tz", "America/New_York"], ["image", "https://avatars.slack-edge.com/2017-05-20/186122847829_5e70481d42b638de7260_512.jpg"], ["email", "loganjmorales@gmail.com"], ["created_at", "2017-08-11 15:57:47.005690"], ["updated_at", "2017-08-11 15:57:47.005690"]]
  [1m[35m (2.1ms)[0m  [1m[36mcommit transaction[0m
Completed 200 OK in 41ms (Views: 1.6ms | ActiveRecord: 7.6ms)


  [1m[36mEntry Load (6.4ms)[0m  [1m[34mSELECT  "entries".* FROM "entries" LIMIT ?[0m  [["LIMIT", 11]]
  [1m[36mEntry Load (3.9ms)[0m  [1m[34mSELECT  "entries".* FROM "entries" WHERE "entries"."id" = ? LIMIT ?[0m  [["id", 1], ["LIMIT", 1]]
  [1m[35m (0.5ms)[0m  [1m[36mbegin transaction[0m
  [1m[35mSQL (1.0ms)[0m  [1m[31mDELETE FROM "entries" WHERE "entries"."id" = ?[0m  [["id", 1]]
  [1m[35m (3.2ms)[0m  [1m[36mcommit transaction[0m
  [1m[36mEntry Load (0.3ms)[0m  [1m[34mSELECT  "entries".* FROM "entries" LIMIT ?[0m  [["LIMIT", 11]]
  [1m[35m (0.8ms)[0m  [1m[34mSELECT "schema_migrations"."version" FROM "schema_migrations" ORDER BY "schema_migrations"."version" ASC[0m
  [1m[36mActiveRecord::InternalMetadata Load (1.1ms)[0m  [1m[34mSELECT  "ar_internal_metadata".* FROM "ar_internal_metadata" WHERE "ar_internal_metadata"."key" = ? LIMIT ?[0m  [["key", "environment"], ["LIMIT", 1]]
  [1m[35m (0.1ms)[0m  [1m[36mbegin transaction[0m
  [1m[35m (0.1ms)[0m  [1m[36mcommit transaction[0m
  [1m[35m (0.1ms)[0m  [1m[34mSELECT "schema_migrations"."version" FROM "schema_migrations" ORDER BY "schema_migrations"."version" ASC[0m
  [1m[36mEntry Load (3.0ms)[0m  [1m[34mSELECT  "entries".* FROM "entries" LIMIT ?[0m  [["LIMIT", 11]]
  [1m[35m (0.6ms)[0m  [1m[34mSELECT "schema_migrations"."version" FROM "schema_migrations" ORDER BY "schema_migrations"."version" ASC[0m
  [1m[35m (0.9ms)[0m  [1m[34mSELECT "ar_internal_metadata"."value" FROM "ar_internal_metadata" WHERE "ar_internal_metadata"."key" = ?[0m  [["key", "environment"]]
  [1m[35m (0.1ms)[0m  [1m[34mSELECT "schema_migrations"."version" FROM "schema_migrations" ORDER BY "schema_migrations"."version" ASC[0m
  [1m[35m (0.1ms)[0m  [1m[34mSELECT "ar_internal_metadata"."value" FROM "ar_internal_metadata" WHERE "ar_internal_metadata"."key" = ?[0m  [["key", "environment"]]
  [1m[35m (0.1ms)[0m  [1m[34mSELECT "schema_migrations"."version" FROM "schema_migrations" ORDER BY "schema_migrations"."version" ASC[0m
  [1m[35m (0.1ms)[0m  [1m[34mSELECT "ar_internal_metadata"."value" FROM "ar_internal_metadata" WHERE "ar_internal_metadata"."key" = ?[0m  [["key", "environment"]]
  [1m[35m (1.1ms)[0m  [1m[35mDROP TABLE IF EXISTS "entries"[0m
  [1m[35m (0.9ms)[0m  [1m[34mSELECT sqlite_version(*)[0m
  [1m[35m (1.4ms)[0m  [1m[35mCREATE TABLE "entries" ("id" INTEGER PRIMARY KEY AUTOINCREMENT NOT NULL, "name" varchar, "user_name" varchar, "tz" varchar, "image" varchar, "email" varchar, "created_at" datetime NOT NULL, "updated_at" datetime NOT NULL)[0m
  [1m[35m (1.1ms)[0m  [1m[35mCREATE TABLE "schema_migrations" ("version" varchar NOT NULL PRIMARY KEY)[0m
  [1m[35m (0.2ms)[0m  [1m[34mSELECT "schema_migrations"."version" FROM "schema_migrations" ORDER BY "schema_migrations"."version" ASC[0m
  [1m[35m (0.8ms)[0m  [1m[32mINSERT INTO "schema_migrations" (version) VALUES (20170811154026)[0m
  [1m[35m (1.0ms)[0m  [1m[35mCREATE TABLE "ar_internal_metadata" ("key" varchar NOT NULL PRIMARY KEY, "value" varchar, "created_at" datetime NOT NULL, "updated_at" datetime NOT NULL)[0m
  [1m[36mActiveRecord::InternalMetadata Load (0.3ms)[0m  [1m[34mSELECT  "ar_internal_metadata".* FROM "ar_internal_metadata" WHERE "ar_internal_metadata"."key" = ? LIMIT ?[0m  [["key", "environment"], ["LIMIT", 1]]
  [1m[35m (0.1ms)[0m  [1m[36mbegin transaction[0m
  [1m[35mSQL (0.9ms)[0m  [1m[32mINSERT INTO "ar_internal_metadata" ("key", "value", "created_at", "updated_at") VALUES (?, ?, ?, ?)[0m  [["key", "environment"], ["value", "development"], ["created_at", "2017-08-11 16:04:45.593945"], ["updated_at", "2017-08-11 16:04:45.593945"]]
  [1m[35m (1.7ms)[0m  [1m[36mcommit transaction[0m
  [1m[36mActiveRecord::InternalMetadata Load (0.1ms)[0m  [1m[34mSELECT  "ar_internal_metadata".* FROM "ar_internal_metadata" WHERE "ar_internal_metadata"."key" = ? LIMIT ?[0m  [["key", "environment"], ["LIMIT", 1]]
  [1m[35m (0.1ms)[0m  [1m[36mbegin transaction[0m
  [1m[35m (0.0ms)[0m  [1m[36mcommit transaction[0m
  [1m[35m (0.1ms)[0m  [1m[35mDROP TABLE IF EXISTS "entries"[0m
  [1m[35m (0.1ms)[0m  [1m[34mSELECT sqlite_version(*)[0m
  [1m[35m (1.4ms)[0m  [1m[35mCREATE TABLE "entries" ("id" INTEGER PRIMARY KEY AUTOINCREMENT NOT NULL, "name" varchar, "user_name" varchar, "tz" varchar, "image" varchar, "email" varchar, "created_at" datetime NOT NULL, "updated_at" datetime NOT NULL)[0m
  [1m[35m (1.0ms)[0m  [1m[35mCREATE TABLE "schema_migrations" ("version" varchar NOT NULL PRIMARY KEY)[0m
  [1m[35m (0.1ms)[0m  [1m[34mSELECT "schema_migrations"."version" FROM "schema_migrations" ORDER BY "schema_migrations"."version" ASC[0m
  [1m[35m (1.1ms)[0m  [1m[32mINSERT INTO "schema_migrations" (version) VALUES (20170811154026)[0m
  [1m[35m (1.1ms)[0m  [1m[35mCREATE TABLE "ar_internal_metadata" ("key" varchar NOT NULL PRIMARY KEY, "value" varchar, "created_at" datetime NOT NULL, "updated_at" datetime NOT NULL)[0m
  [1m[36mActiveRecord::InternalMetadata Load (0.4ms)[0m  [1m[34mSELECT  "ar_internal_metadata".* FROM "ar_internal_metadata" WHERE "ar_internal_metadata"."key" = ? LIMIT ?[0m  [["key", "environment"], ["LIMIT", 1]]
  [1m[35m (0.1ms)[0m  [1m[36mbegin transaction[0m
  [1m[35mSQL (0.3ms)[0m  [1m[32mINSERT INTO "ar_internal_metadata" ("key", "value", "created_at", "updated_at") VALUES (?, ?, ?, ?)[0m  [["key", "environment"], ["value", "development"], ["created_at", "2017-08-11 16:04:45.613381"], ["updated_at", "2017-08-11 16:04:45.613381"]]
  [1m[35m (0.9ms)[0m  [1m[36mcommit transaction[0m
  [1m[36mActiveRecord::InternalMetadata Load (0.1ms)[0m  [1m[34mSELECT  "ar_internal_metadata".* FROM "ar_internal_metadata" WHERE "ar_internal_metadata"."key" = ? LIMIT ?[0m  [["key", "environment"], ["LIMIT", 1]]
  [1m[35m (0.1ms)[0m  [1m[36mbegin transaction[0m
  [1m[35m (0.0ms)[0m  [1m[36mcommit transaction[0m
  [1m[35m (0.1ms)[0m  [1m[34mSELECT "schema_migrations"."version" FROM "schema_migrations" ORDER BY "schema_migrations"."version" ASC[0m
  [1m[35m (0.1ms)[0m  [1m[34mSELECT "schema_migrations"."version" FROM "schema_migrations" ORDER BY "schema_migrations"."version" ASC[0m
  [1m[36mActiveRecord::InternalMetadata Load (0.2ms)[0m  [1m[34mSELECT  "ar_internal_metadata".* FROM "ar_internal_metadata" WHERE "ar_internal_metadata"."key" = ? LIMIT ?[0m  [["key", "environment"], ["LIMIT", 1]]
  [1m[35m (0.1ms)[0m  [1m[36mbegin transaction[0m
  [1m[35m (0.1ms)[0m  [1m[36mcommit transaction[0m
  [1m[35m (0.1ms)[0m  [1m[34mSELECT "schema_migrations"."version" FROM "schema_migrations" ORDER BY "schema_migrations"."version" ASC[0m
  [1m[36mEntry Load (2.5ms)[0m  [1m[34mSELECT  "entries".* FROM "entries" LIMIT ?[0m  [["LIMIT", 11]]
  [1m[35m (0.6ms)[0m  [1m[34mSELECT "schema_migrations"."version" FROM "schema_migrations" ORDER BY "schema_migrations"."version" ASC[0m
  [1m[36mActiveRecord::InternalMetadata Load (1.5ms)[0m  [1m[34mSELECT  "ar_internal_metadata".* FROM "ar_internal_metadata" WHERE "ar_internal_metadata"."key" = ? LIMIT ?[0m  [["key", "environment"], ["LIMIT", 1]]
  [1m[35m (0.1ms)[0m  [1m[36mbegin transaction[0m
  [1m[35m (0.1ms)[0m  [1m[36mcommit transaction[0m
  [1m[35m (0.1ms)[0m  [1m[34mSELECT "schema_migrations"."version" FROM "schema_migrations" ORDER BY "schema_migrations"."version" ASC[0m
  [1m[35m (0.8ms)[0m  [1m[34mSELECT "schema_migrations"."version" FROM "schema_migrations" ORDER BY "schema_migrations"."version" ASC[0m
  [1m[35m (0.1ms)[0m  [1m[34mSELECT "schema_migrations"."version" FROM "schema_migrations" ORDER BY "schema_migrations"."version" ASC[0m
Migrating to CreateEntries (20170811154026)
  [1m[35m (0.3ms)[0m  [1m[36mbegin transaction[0m
  [1m[35m (3.8ms)[0m  [1m[35mDROP TABLE "entries"[0m
  [1m[35mSQL (0.6ms)[0m  [1m[31mDELETE FROM "schema_migrations" WHERE "schema_migrations"."version" = ?[0m  [["version", "20170811154026"]]
  [1m[35m (0.8ms)[0m  [1m[36mcommit transaction[0m
  [1m[35m (0.2ms)[0m  [1m[34mSELECT "schema_migrations"."version" FROM "schema_migrations" ORDER BY "schema_migrations"."version" ASC[0m
  [1m[35m (0.3ms)[0m  [1m[34mSELECT "schema_migrations"."version" FROM "schema_migrations" ORDER BY "schema_migrations"."version" ASC[0m
Migrating to CreateEntries (20170811154026)
  [1m[35m (0.1ms)[0m  [1m[36mbegin transaction[0m
  [1m[35m (0.1ms)[0m  [1m[34mSELECT sqlite_version(*)[0m
  [1m[35m (0.5ms)[0m  [1m[35mCREATE TABLE "entries" ("id" INTEGER PRIMARY KEY AUTOINCREMENT NOT NULL, "name" varchar, "user_name" varchar, "tz" varchar, "image" varchar, "email" varchar, "search" varchar, "created_at" datetime NOT NULL, "updated_at" datetime NOT NULL)[0m
  [1m[35mSQL (0.2ms)[0m  [1m[32mINSERT INTO "schema_migrations" ("version") VALUES (?)[0m  [["version", "20170811154026"]]
  [1m[35m (1.2ms)[0m  [1m[36mcommit transaction[0m
  [1m[36mActiveRecord::InternalMetadata Load (0.2ms)[0m  [1m[34mSELECT  "ar_internal_metadata".* FROM "ar_internal_metadata" WHERE "ar_internal_metadata"."key" = ? LIMIT ?[0m  [["key", "environment"], ["LIMIT", 1]]
  [1m[35m (0.1ms)[0m  [1m[36mbegin transaction[0m
  [1m[35m (0.1ms)[0m  [1m[36mcommit transaction[0m
  [1m[35m (0.1ms)[0m  [1m[34mSELECT "schema_migrations"."version" FROM "schema_migrations" ORDER BY "schema_migrations"."version" ASC[0m
Started POST "/entries" for 127.0.0.1 at 2017-08-11 13:27:35 -0400
  [1m[35m (3.2ms)[0m  [1m[34mSELECT "schema_migrations"."version" FROM "schema_migrations" ORDER BY "schema_migrations"."version" ASC[0m
Processing by EntriesController#create as HTML
  Parameters: {"entry"=>{}}
Unpermitted parameter: :entry
  [1m[35m (0.1ms)[0m  [1m[36mbegin transaction[0m
  [1m[35mSQL (2.1ms)[0m  [1m[32mINSERT INTO "entries" ("created_at", "updated_at") VALUES (?, ?)[0m  [["created_at", "2017-08-11 17:27:36.975031"], ["updated_at", "2017-08-11 17:27:36.975031"]]
  [1m[35m (1.1ms)[0m  [1m[36mcommit transaction[0m
Completed 200 OK in 94ms (Views: 5.8ms | ActiveRecord: 5.1ms)


  [1m[36mEntry Load (2.0ms)[0m  [1m[34mSELECT  "entries".* FROM "entries" LIMIT ?[0m  [["LIMIT", 11]]
  [1m[36mEntry Load (0.8ms)[0m  [1m[34mSELECT  "entries".* FROM "entries" WHERE "entries"."id" = ? LIMIT ?[0m  [["id", 1], ["LIMIT", 1]]
  [1m[35m (0.2ms)[0m  [1m[36mbegin transaction[0m
  [1m[35mSQL (0.6ms)[0m  [1m[31mDELETE FROM "entries" WHERE "entries"."id" = ?[0m  [["id", 1]]
  [1m[35m (0.8ms)[0m  [1m[36mcommit transaction[0m
  [1m[36mEntry Load (0.3ms)[0m  [1m[34mSELECT  "entries".* FROM "entries" LIMIT ?[0m  [["LIMIT", 11]]
Started POST "/entries" for 127.0.0.1 at 2017-08-11 13:32:17 -0400
  [1m[35m (0.6ms)[0m  [1m[34mSELECT "schema_migrations"."version" FROM "schema_migrations" ORDER BY "schema_migrations"."version" ASC[0m
Processing by EntriesController#create as HTML
  Parameters: {"entry"=>{}}
Completed 500 Internal Server Error in 152ms (ActiveRecord: 0.8ms)


  
NameError (undefined local variable or method `entry' for #<EntriesController:0x007f845cb57060>
Did you mean?  entry_url):
  
app/controllers/entries_controller.rb:15:in `create'
  [1m[36mEntry Load (1.9ms)[0m  [1m[34mSELECT  "entries".* FROM "entries" LIMIT ?[0m  [["LIMIT", 11]]
Started POST "/entries" for 127.0.0.1 at 2017-08-11 13:39:11 -0400
Processing by EntriesController#create as HTML
  Parameters: {"entry"=>{}}
Unpermitted parameter: :entry
  [1m[35m (0.2ms)[0m  [1m[36mbegin transaction[0m
  [1m[35mSQL (2.4ms)[0m  [1m[32mINSERT INTO "entries" ("created_at", "updated_at") VALUES (?, ?)[0m  [["created_at", "2017-08-11 17:39:22.062541"], ["updated_at", "2017-08-11 17:39:22.062541"]]
  [1m[35m (1.0ms)[0m  [1m[36mcommit transaction[0m
Completed 200 OK in 56ms (Views: 4.2ms | ActiveRecord: 5.2ms)


  [1m[36mEntry Load (9.4ms)[0m  [1m[34mSELECT  "entries".* FROM "entries" LIMIT ?[0m  [["LIMIT", 11]]
Started POST "/entries" for 127.0.0.1 at 2017-08-11 13:40:48 -0400
Processing by EntriesController#create as HTML
  Parameters: {"entry"=>{}}
Unpermitted parameter: :entry
  [1m[35m (5.0ms)[0m  [1m[36mbegin transaction[0m
  [1m[35mSQL (3.4ms)[0m  [1m[32mINSERT INTO "entries" ("created_at", "updated_at") VALUES (?, ?)[0m  [["created_at", "2017-08-11 17:40:48.450212"], ["updated_at", "2017-08-11 17:40:48.450212"]]
  [1m[35m (5.1ms)[0m  [1m[36mcommit transaction[0m
Completed 200 OK in 119ms (Views: 8.0ms | ActiveRecord: 13.6ms)


Started POST "/entries" for 127.0.0.1 at 2017-08-11 13:41:43 -0400
Processing by EntriesController#create as HTML
  Parameters: {"entry"=>{}}
Unpermitted parameter: :entry
  [1m[35m (1.5ms)[0m  [1m[36mbegin transaction[0m
  [1m[35mSQL (30.9ms)[0m  [1m[32mINSERT INTO "entries" ("created_at", "updated_at") VALUES (?, ?)[0m  [["created_at", "2017-08-11 17:41:43.772921"], ["updated_at", "2017-08-11 17:41:43.772921"]]
  [1m[35m (1.1ms)[0m  [1m[36mcommit transaction[0m
Completed 200 OK in 182ms (Views: 82.1ms | ActiveRecord: 33.5ms)


Started POST "/entries" for 127.0.0.1 at 2017-08-11 13:48:42 -0400
Processing by EntriesController#create as HTML
  Parameters: {"entry"=>{}}
Unpermitted parameter: :entry
  [1m[35m (3.8ms)[0m  [1m[36mbegin transaction[0m
  [1m[35mSQL (9.6ms)[0m  [1m[32mINSERT INTO "entries" ("created_at", "updated_at") VALUES (?, ?)[0m  [["created_at", "2017-08-11 17:48:43.405228"], ["updated_at", "2017-08-11 17:48:43.405228"]]
  [1m[35m (1.1ms)[0m  [1m[36mcommit transaction[0m
Completed 200 OK in 394ms (Views: 59.5ms | ActiveRecord: 14.5ms)


  [1m[35mSQL (30.0ms)[0m  [1m[31mDELETE FROM "entries"[0m
  [1m[36mEntry Load (5.2ms)[0m  [1m[34mSELECT  "entries".* FROM "entries" LIMIT ?[0m  [["LIMIT", 11]]
Started POST "/entries" for 127.0.0.1 at 2017-08-11 13:49:46 -0400
Processing by EntriesController#create as HTML
  Parameters: {"entry"=>{}}
Unpermitted parameter: :entry
  [1m[35m (2.4ms)[0m  [1m[36mbegin transaction[0m
  [1m[35mSQL (1.0ms)[0m  [1m[32mINSERT INTO "entries" ("created_at", "updated_at") VALUES (?, ?)[0m  [["created_at", "2017-08-11 17:49:46.568772"], ["updated_at", "2017-08-11 17:49:46.568772"]]
  [1m[35m (4.2ms)[0m  [1m[36mcommit transaction[0m
Completed 200 OK in 174ms (Views: 29.6ms | ActiveRecord: 7.6ms)


  [1m[36mEntry Load (6.2ms)[0m  [1m[34mSELECT  "entries".* FROM "entries" LIMIT ?[0m  [["LIMIT", 11]]
Started POST "/entries" for 127.0.0.1 at 2017-08-11 13:54:43 -0400
Processing by EntriesController#create as HTML
  Parameters: {"entry"=>{}}
Unpermitted parameter: :entry
  [1m[35m (5.9ms)[0m  [1m[36mbegin transaction[0m
  [1m[35mSQL (52.3ms)[0m  [1m[32mINSERT INTO "entries" ("created_at", "updated_at") VALUES (?, ?)[0m  [["created_at", "2017-08-11 17:54:43.457973"], ["updated_at", "2017-08-11 17:54:43.457973"]]
  [1m[35m (3.6ms)[0m  [1m[36mcommit transaction[0m
Completed 200 OK in 280ms (Views: 17.9ms | ActiveRecord: 61.9ms)


Started POST "/entries" for 127.0.0.1 at 2017-08-11 13:59:09 -0400
Processing by EntriesController#create as HTML
  Parameters: {"name"=>"Logan Morales", "user_name"=>"moralesl5", "tz"=>"America/New_York", "image"=>"https://avatars.slack-edge.com/2017-05-20/186122847829_5e70481d42b638de7260_512.jpg", "email"=>"loganjmorales@gmail.com", "search"=>"pizza", "entry"=>{"name"=>"Logan Morales", "user_name"=>"moralesl5", "tz"=>"America/New_York", "image"=>"https://avatars.slack-edge.com/2017-05-20/186122847829_5e70481d42b638de7260_512.jpg", "email"=>"loganjmorales@gmail.com", "search"=>"pizza"}}
Unpermitted parameters: :search, :entry
  [1m[35m (6.9ms)[0m  [1m[36mbegin transaction[0m
  [1m[35mSQL (6.6ms)[0m  [1m[32mINSERT INTO "entries" ("name", "user_name", "tz", "image", "email", "created_at", "updated_at") VALUES (?, ?, ?, ?, ?, ?, ?)[0m  [["name", "Logan Morales"], ["user_name", "moralesl5"], ["tz", "America/New_York"], ["image", "https://avatars.slack-edge.com/2017-05-20/186122847829_5e70481d42b638de7260_512.jpg"], ["email", "loganjmorales@gmail.com"], ["created_at", "2017-08-11 17:59:10.310565"], ["updated_at", "2017-08-11 17:59:10.310565"]]
  [1m[35m (0.9ms)[0m  [1m[36mcommit transaction[0m
Completed 200 OK in 921ms (Views: 6.5ms | ActiveRecord: 14.4ms)


Started POST "/entries" for 127.0.0.1 at 2017-08-11 14:00:21 -0400
Processing by EntriesController#create as HTML
  Parameters: {"name"=>"Logan Morales", "user_name"=>"moralesl5", "tz"=>"America/New_York", "image"=>"https://avatars.slack-edge.com/2017-05-20/186122847829_5e70481d42b638de7260_512.jpg", "email"=>"loganjmorales@gmail.com", "search"=>"chinese", "entry"=>{"name"=>"Logan Morales", "user_name"=>"moralesl5", "tz"=>"America/New_York", "image"=>"https://avatars.slack-edge.com/2017-05-20/186122847829_5e70481d42b638de7260_512.jpg", "email"=>"loganjmorales@gmail.com", "search"=>"chinese"}}
Unpermitted parameters: :search, :entry
  [1m[35m (9.2ms)[0m  [1m[36mbegin transaction[0m
  [1m[35mSQL (7.1ms)[0m  [1m[32mINSERT INTO "entries" ("name", "user_name", "tz", "image", "email", "created_at", "updated_at") VALUES (?, ?, ?, ?, ?, ?, ?)[0m  [["name", "Logan Morales"], ["user_name", "moralesl5"], ["tz", "America/New_York"], ["image", "https://avatars.slack-edge.com/2017-05-20/186122847829_5e70481d42b638de7260_512.jpg"], ["email", "loganjmorales@gmail.com"], ["created_at", "2017-08-11 18:00:21.713813"], ["updated_at", "2017-08-11 18:00:21.713813"]]
  [1m[35m (1.2ms)[0m  [1m[36mcommit transaction[0m
Completed 200 OK in 112ms (Views: 4.9ms | ActiveRecord: 17.5ms)


Started POST "/entries" for 127.0.0.1 at 2017-08-11 14:07:07 -0400
Processing by EntriesController#create as HTML
  Parameters: {"name"=>"Logan Morales", "user_name"=>"moralesl5", "tz"=>"America/New_York", "image"=>"https://avatars.slack-edge.com/2017-05-20/186122847829_5e70481d42b638de7260_512.jpg", "email"=>"loganjmorales@gmail.com", "search"=>"pizza", "entry"=>{"name"=>"Logan Morales", "user_name"=>"moralesl5", "tz"=>"America/New_York", "image"=>"https://avatars.slack-edge.com/2017-05-20/186122847829_5e70481d42b638de7260_512.jpg", "email"=>"loganjmorales@gmail.com", "search"=>"pizza"}}
Unpermitted parameters: :search, :entry
  [1m[35m (11.1ms)[0m  [1m[36mbegin transaction[0m
  [1m[35mSQL (16.3ms)[0m  [1m[32mINSERT INTO "entries" ("name", "user_name", "tz", "image", "email", "created_at", "updated_at") VALUES (?, ?, ?, ?, ?, ?, ?)[0m  [["name", "Logan Morales"], ["user_name", "moralesl5"], ["tz", "America/New_York"], ["image", "https://avatars.slack-edge.com/2017-05-20/186122847829_5e70481d42b638de7260_512.jpg"], ["email", "loganjmorales@gmail.com"], ["created_at", "2017-08-11 18:07:07.995513"], ["updated_at", "2017-08-11 18:07:07.995513"]]
  [1m[35m (2.8ms)[0m  [1m[36mcommit transaction[0m
Completed 200 OK in 304ms (Views: 33.3ms | ActiveRecord: 30.2ms)


  [1m[36mEntry Load (19.0ms)[0m  [1m[34mSELECT  "entries".* FROM "entries" LIMIT ?[0m  [["LIMIT", 11]]
  [1m[35mSQL (15.3ms)[0m  [1m[31mDELETE FROM "entries"[0m
Started POST "/entries" for 127.0.0.1 at 2017-08-11 14:10:58 -0400
Processing by EntriesController#create as HTML
  Parameters: {"name"=>"Logan Morales", "user_name"=>"moralesl5", "tz"=>"America/New_York", "image"=>"https://avatars.slack-edge.com/2017-05-20/186122847829_5e70481d42b638de7260_512.jpg", "email"=>"loganjmorales@gmail.com", "search"=>"burgers", "entry"=>{"name"=>"Logan Morales", "user_name"=>"moralesl5", "tz"=>"America/New_York", "image"=>"https://avatars.slack-edge.com/2017-05-20/186122847829_5e70481d42b638de7260_512.jpg", "email"=>"loganjmorales@gmail.com", "search"=>"burgers"}}
Unpermitted parameters: :search, :entry
  [1m[35m (3.4ms)[0m  [1m[36mbegin transaction[0m
  [1m[35mSQL (17.6ms)[0m  [1m[32mINSERT INTO "entries" ("name", "user_name", "tz", "image", "email", "created_at", "updated_at") VALUES (?, ?, ?, ?, ?, ?, ?)[0m  [["name", "Logan Morales"], ["user_name", "moralesl5"], ["tz", "America/New_York"], ["image", "https://avatars.slack-edge.com/2017-05-20/186122847829_5e70481d42b638de7260_512.jpg"], ["email", "loganjmorales@gmail.com"], ["created_at", "2017-08-11 18:10:58.487540"], ["updated_at", "2017-08-11 18:10:58.487540"]]
  [1m[35m (3.4ms)[0m  [1m[36mcommit transaction[0m
Completed 200 OK in 131ms (Views: 14.2ms | ActiveRecord: 24.4ms)


  [1m[36mEntry Load (4.1ms)[0m  [1m[34mSELECT  "entries".* FROM "entries" LIMIT ?[0m  [["LIMIT", 11]]
Started POST "/entries" for 127.0.0.1 at 2017-08-11 14:16:28 -0400
Processing by EntriesController#create as HTML
  Parameters: {"name"=>"Logan Morales", "user_name"=>"moralesl5", "tz"=>"America/New_York", "image"=>"https://avatars.slack-edge.com/2017-05-20/186122847829_5e70481d42b638de7260_512.jpg", "email"=>"loganjmorales@gmail.com", "search"=>"chinese", "entry"=>{"name"=>"Logan Morales", "user_name"=>"moralesl5", "tz"=>"America/New_York", "image"=>"https://avatars.slack-edge.com/2017-05-20/186122847829_5e70481d42b638de7260_512.jpg", "email"=>"loganjmorales@gmail.com", "search"=>"chinese"}}
Unpermitted parameters: :search, :entry
  [1m[35m (2.5ms)[0m  [1m[36mbegin transaction[0m
  [1m[35mSQL (14.7ms)[0m  [1m[32mINSERT INTO "entries" ("name", "user_name", "tz", "image", "email", "created_at", "updated_at") VALUES (?, ?, ?, ?, ?, ?, ?)[0m  [["name", "Logan Morales"], ["user_name", "moralesl5"], ["tz", "America/New_York"], ["image", "https://avatars.slack-edge.com/2017-05-20/186122847829_5e70481d42b638de7260_512.jpg"], ["email", "loganjmorales@gmail.com"], ["created_at", "2017-08-11 18:16:28.833310"], ["updated_at", "2017-08-11 18:16:28.833310"]]
  [1m[35m (0.8ms)[0m  [1m[36mcommit transaction[0m
Completed 200 OK in 131ms (Views: 20.9ms | ActiveRecord: 18.0ms)


Started POST "/entries" for 127.0.0.1 at 2017-08-11 14:23:09 -0400
Processing by EntriesController#create as HTML
  Parameters: {"name"=>"Logan Morales", "user_name"=>"moralesl5", "tz"=>"America/New_York", "image"=>"https://avatars.slack-edge.com/2017-05-20/186122847829_5e70481d42b638de7260_512.jpg", "email"=>"loganjmorales@gmail.com", "search"=>"chinese", "entry"=>{"name"=>"Logan Morales", "user_name"=>"moralesl5", "tz"=>"America/New_York", "image"=>"https://avatars.slack-edge.com/2017-05-20/186122847829_5e70481d42b638de7260_512.jpg", "email"=>"loganjmorales@gmail.com", "search"=>"chinese"}}
Unpermitted parameters: :search, :entry
  [1m[35m (1.1ms)[0m  [1m[36mbegin transaction[0m
  [1m[35mSQL (8.4ms)[0m  [1m[32mINSERT INTO "entries" ("name", "user_name", "tz", "image", "email", "created_at", "updated_at") VALUES (?, ?, ?, ?, ?, ?, ?)[0m  [["name", "Logan Morales"], ["user_name", "moralesl5"], ["tz", "America/New_York"], ["image", "https://avatars.slack-edge.com/2017-05-20/186122847829_5e70481d42b638de7260_512.jpg"], ["email", "loganjmorales@gmail.com"], ["created_at", "2017-08-11 18:23:09.459487"], ["updated_at", "2017-08-11 18:23:09.459487"]]
  [1m[35m (1.0ms)[0m  [1m[36mcommit transaction[0m
Completed 200 OK in 231ms (Views: 31.1ms | ActiveRecord: 10.5ms)


  [1m[36mEntry Load (25.8ms)[0m  [1m[34mSELECT  "entries".* FROM "entries" LIMIT ?[0m  [["LIMIT", 11]]
Started POST "/entries" for 127.0.0.1 at 2017-08-11 15:00:08 -0400
  [1m[35m (0.8ms)[0m  [1m[34mSELECT "schema_migrations"."version" FROM "schema_migrations" ORDER BY "schema_migrations"."version" ASC[0m
Processing by EntriesController#create as HTML
  Parameters: {"name"=>"Logan Morales", "user_name"=>"moralesl5", "tz"=>"America/New_York", "image"=>"https://avatars.slack-edge.com/2017-05-20/186122847829_5e70481d42b638de7260_512.jpg", "email"=>"loganjmorales@gmail.com", "search"=>"pizza", "entry"=>{"name"=>"Logan Morales", "user_name"=>"moralesl5", "tz"=>"America/New_York", "image"=>"https://avatars.slack-edge.com/2017-05-20/186122847829_5e70481d42b638de7260_512.jpg", "email"=>"loganjmorales@gmail.com", "search"=>"pizza"}}
Unpermitted parameter: :entry
  [1m[35m (0.4ms)[0m  [1m[36mbegin transaction[0m
  [1m[35mSQL (1.4ms)[0m  [1m[32mINSERT INTO "entries" ("name", "user_name", "tz", "image", "email", "search", "created_at", "updated_at") VALUES (?, ?, ?, ?, ?, ?, ?, ?)[0m  [["name", "Logan Morales"], ["user_name", "moralesl5"], ["tz", "America/New_York"], ["image", "https://avatars.slack-edge.com/2017-05-20/186122847829_5e70481d42b638de7260_512.jpg"], ["email", "loganjmorales@gmail.com"], ["search", "pizza"], ["created_at", "2017-08-11 19:00:09.401002"], ["updated_at", "2017-08-11 19:00:09.401002"]]
  [1m[35m (3.1ms)[0m  [1m[36mcommit transaction[0m
Completed 200 OK in 51ms (Views: 2.1ms | ActiveRecord: 7.7ms)


  [1m[36mEntry Load (64.0ms)[0m  [1m[34mSELECT  "entries".* FROM "entries" ORDER BY "entries"."id" DESC LIMIT ?[0m  [["LIMIT", 1]]
  [1m[35m (0.5ms)[0m  [1m[34mSELECT "schema_migrations"."version" FROM "schema_migrations" ORDER BY "schema_migrations"."version" ASC[0m
  [1m[35m (0.1ms)[0m  [1m[34mSELECT "schema_migrations"."version" FROM "schema_migrations" ORDER BY "schema_migrations"."version" ASC[0m
Migrating to CreateEntries (20170811154026)
  [1m[35m (0.1ms)[0m  [1m[36mbegin transaction[0m
  [1m[35m (1.7ms)[0m  [1m[35mDROP TABLE "entries"[0m
  [1m[35mSQL (1.5ms)[0m  [1m[31mDELETE FROM "schema_migrations" WHERE "schema_migrations"."version" = ?[0m  [["version", "20170811154026"]]
  [1m[35m (1.7ms)[0m  [1m[36mcommit transaction[0m
  [1m[35m (0.3ms)[0m  [1m[34mSELECT "schema_migrations"."version" FROM "schema_migrations" ORDER BY "schema_migrations"."version" ASC[0m
  [1m[35m (0.3ms)[0m  [1m[34mSELECT "schema_migrations"."version" FROM "schema_migrations" ORDER BY "schema_migrations"."version" ASC[0m
Migrating to CreateEntries (20170811154026)
  [1m[35m (0.2ms)[0m  [1m[36mbegin transaction[0m
  [1m[35m (0.3ms)[0m  [1m[34mSELECT sqlite_version(*)[0m
  [1m[35m (14.8ms)[0m  [1m[35mCREATE TABLE "entries" ("id" INTEGER PRIMARY KEY AUTOINCREMENT NOT NULL, "name" varchar, "user_name" varchar, "tz" varchar, "image" varchar, "email" varchar, "search" varchar, "location" varchar, "created_at" datetime NOT NULL, "updated_at" datetime NOT NULL)[0m
  [1m[35mSQL (13.9ms)[0m  [1m[32mINSERT INTO "schema_migrations" ("version") VALUES (?)[0m  [["version", "20170811154026"]]
  [1m[35m (23.1ms)[0m  [1m[36mcommit transaction[0m
  [1m[36mActiveRecord::InternalMetadata Load (2.1ms)[0m  [1m[34mSELECT  "ar_internal_metadata".* FROM "ar_internal_metadata" WHERE "ar_internal_metadata"."key" = ? LIMIT ?[0m  [["key", "environment"], ["LIMIT", 1]]
  [1m[35m (0.1ms)[0m  [1m[36mbegin transaction[0m
  [1m[35m (0.1ms)[0m  [1m[36mcommit transaction[0m
  [1m[35m (0.7ms)[0m  [1m[34mSELECT "schema_migrations"."version" FROM "schema_migrations" ORDER BY "schema_migrations"."version" ASC[0m
  [1m[36mEntry Load (33.9ms)[0m  [1m[34mSELECT  "entries".* FROM "entries" LIMIT ?[0m  [["LIMIT", 11]]
Started POST "/entries" for 127.0.0.1 at 2017-08-11 15:04:57 -0400
  [1m[35m (0.4ms)[0m  [1m[34mSELECT "schema_migrations"."version" FROM "schema_migrations" ORDER BY "schema_migrations"."version" ASC[0m
Processing by EntriesController#create as HTML
  Parameters: {"name"=>"Logan Morales", "user_name"=>"moralesl5", "tz"=>"America/New_York", "image"=>"https://avatars.slack-edge.com/2017-05-20/186122847829_5e70481d42b638de7260_512.jpg", "email"=>"loganjmorales@gmail.com", "search"=>"burgers", "location"=>"10 E 21st St, New York, NY 10010, USA", "entry"=>{"name"=>"Logan Morales", "user_name"=>"moralesl5", "tz"=>"America/New_York", "image"=>"https://avatars.slack-edge.com/2017-05-20/186122847829_5e70481d42b638de7260_512.jpg", "email"=>"loganjmorales@gmail.com", "search"=>"burgers", "location"=>"10 E 21st St, New York, NY 10010, USA"}}
Unpermitted parameter: :entry
  [1m[35m (0.2ms)[0m  [1m[36mbegin transaction[0m
  [1m[35mSQL (0.7ms)[0m  [1m[32mINSERT INTO "entries" ("name", "user_name", "tz", "image", "email", "search", "location", "created_at", "updated_at") VALUES (?, ?, ?, ?, ?, ?, ?, ?, ?)[0m  [["name", "Logan Morales"], ["user_name", "moralesl5"], ["tz", "America/New_York"], ["image", "https://avatars.slack-edge.com/2017-05-20/186122847829_5e70481d42b638de7260_512.jpg"], ["email", "loganjmorales@gmail.com"], ["search", "burgers"], ["location", "10 E 21st St, New York, NY 10010, USA"], ["created_at", "2017-08-11 19:04:59.095411"], ["updated_at", "2017-08-11 19:04:59.095411"]]
  [1m[35m (3.1ms)[0m  [1m[36mcommit transaction[0m
Completed 200 OK in 115ms (Views: 5.7ms | ActiveRecord: 7.2ms)


  [1m[36mEntry Load (2.6ms)[0m  [1m[34mSELECT  "entries".* FROM "entries" LIMIT ?[0m  [["LIMIT", 11]]
  [1m[36mEntry Load (3.0ms)[0m  [1m[34mSELECT  "entries".* FROM "entries" LIMIT ?[0m  [["LIMIT", 11]]
  [1m[36mEntry Load (17.7ms)[0m  [1m[34mSELECT  "entries".* FROM "entries" ORDER BY "entries"."id" ASC LIMIT ?[0m  [["LIMIT", 1]]
Started POST "/entries" for 127.0.0.1 at 2017-08-11 15:21:09 -0400
Processing by EntriesController#create as HTML
  Parameters: {"name"=>"Peter Hoang", "user_name"=>"phoang", "tz"=>"America/New_York", "image"=>"https://avatars.slack-edge.com/2017-05-22/185764335281_b580b27c37a9bc3716d5_512.png", "email"=>"pthoang6@gmail.com", "search"=>"american", "location"=>"10 E 21st St, New York, NY 10010, USA", "entry"=>{"name"=>"Peter Hoang", "user_name"=>"phoang", "tz"=>"America/New_York", "image"=>"https://avatars.slack-edge.com/2017-05-22/185764335281_b580b27c37a9bc3716d5_512.png", "email"=>"pthoang6@gmail.com", "search"=>"american", "location"=>"10 E 21st St, New York, NY 10010, USA"}}
Unpermitted parameter: :entry
  [1m[35m (0.2ms)[0m  [1m[36mbegin transaction[0m
  [1m[35mSQL (6.8ms)[0m  [1m[32mINSERT INTO "entries" ("name", "user_name", "tz", "image", "email", "search", "location", "created_at", "updated_at") VALUES (?, ?, ?, ?, ?, ?, ?, ?, ?)[0m  [["name", "Peter Hoang"], ["user_name", "phoang"], ["tz", "America/New_York"], ["image", "https://avatars.slack-edge.com/2017-05-22/185764335281_b580b27c37a9bc3716d5_512.png"], ["email", "pthoang6@gmail.com"], ["search", "american"], ["location", "10 E 21st St, New York, NY 10010, USA"], ["created_at", "2017-08-11 19:21:10.489153"], ["updated_at", "2017-08-11 19:21:10.489153"]]
  [1m[35m (3.9ms)[0m  [1m[36mcommit transaction[0m
Completed 200 OK in 457ms (Views: 39.8ms | ActiveRecord: 36.9ms)


  [1m[36mEntry Load (18.6ms)[0m  [1m[34mSELECT  "entries".* FROM "entries" ORDER BY "entries"."id" DESC LIMIT ?[0m  [["LIMIT", 1]]
  [1m[36mEntry Load (4.1ms)[0m  [1m[34mSELECT  "entries".* FROM "entries" ORDER BY "entries"."id" DESC LIMIT ?[0m  [["LIMIT", 1]]
Started POST "/entries" for 127.0.0.1 at 2017-08-11 15:44:10 -0400
  [1m[35m (0.6ms)[0m  [1m[34mSELECT "schema_migrations"."version" FROM "schema_migrations" ORDER BY "schema_migrations"."version" ASC[0m
Processing by EntriesController#create as HTML
  Parameters: {"name"=>"Logan Morales", "user_name"=>"moralesl5", "tz"=>"America/New_York", "image"=>"https://avatars.slack-edge.com/2017-05-20/186122847829_5e70481d42b638de7260_512.jpg", "email"=>"loganjmorales@gmail.com", "search"=>"fruit", "location"=>"10 E 21st St, New York, NY 10010, USA", "entry"=>{"name"=>"Logan Morales", "user_name"=>"moralesl5", "tz"=>"America/New_York", "image"=>"https://avatars.slack-edge.com/2017-05-20/186122847829_5e70481d42b638de7260_512.jpg", "email"=>"loganjmorales@gmail.com", "search"=>"fruit", "location"=>"10 E 21st St, New York, NY 10010, USA"}}
Unpermitted parameter: :entry
  [1m[35m (0.8ms)[0m  [1m[36mbegin transaction[0m
  [1m[35mSQL (14.2ms)[0m  [1m[32mINSERT INTO "entries" ("name", "user_name", "tz", "image", "email", "search", "location", "created_at", "updated_at") VALUES (?, ?, ?, ?, ?, ?, ?, ?, ?)[0m  [["name", "Logan Morales"], ["user_name", "moralesl5"], ["tz", "America/New_York"], ["image", "https://avatars.slack-edge.com/2017-05-20/186122847829_5e70481d42b638de7260_512.jpg"], ["email", "loganjmorales@gmail.com"], ["search", "fruit"], ["location", "10 E 21st St, New York, NY 10010, USA"], ["created_at", "2017-08-11 19:44:11.601884"], ["updated_at", "2017-08-11 19:44:11.601884"]]
  [1m[35m (3.4ms)[0m  [1m[36mcommit transaction[0m
Completed 200 OK in 95ms (Views: 7.4ms | ActiveRecord: 20.5ms)


  [1m[36mEntry Load (1.9ms)[0m  [1m[34mSELECT  "entries".* FROM "entries" ORDER BY "entries"."id" DESC LIMIT ?[0m  [["LIMIT", 1]]
  [1m[36mEntry Load (2.2ms)[0m  [1m[34mSELECT  "entries".* FROM "entries" LIMIT ?[0m  [["LIMIT", 11]]
  [1m[36mEntry Load (0.3ms)[0m  [1m[34mSELECT  "entries".* FROM "entries" ORDER BY "entries"."id" DESC LIMIT ?[0m  [["LIMIT", 1]]
  [1m[36mEntry Load (0.3ms)[0m  [1m[34mSELECT  "entries".* FROM "entries" WHERE "entries"."id" = ? LIMIT ?[0m  [["id", 3], ["LIMIT", 1]]
  [1m[36mEntry Load (0.2ms)[0m  [1m[34mSELECT  "entries".* FROM "entries" WHERE "entries"."id" = ? LIMIT ?[0m  [["id", 2], ["LIMIT", 1]]
  [1m[35m (0.6ms)[0m  [1m[34mSELECT "schema_migrations"."version" FROM "schema_migrations" ORDER BY "schema_migrations"."version" ASC[0m
  [1m[35m (0.1ms)[0m  [1m[34mSELECT "schema_migrations"."version" FROM "schema_migrations" ORDER BY "schema_migrations"."version" ASC[0m
Migrating to CreateEntries (20170811154026)
  [1m[35m (0.1ms)[0m  [1m[36mbegin transaction[0m
  [1m[35m (2.0ms)[0m  [1m[35mDROP TABLE "entries"[0m
  [1m[35mSQL (0.7ms)[0m  [1m[31mDELETE FROM "schema_migrations" WHERE "schema_migrations"."version" = ?[0m  [["version", "20170811154026"]]
  [1m[35m (1.1ms)[0m  [1m[36mcommit transaction[0m
  [1m[35m (0.1ms)[0m  [1m[34mSELECT "schema_migrations"."version" FROM "schema_migrations" ORDER BY "schema_migrations"."version" ASC[0m
  [1m[35m (0.1ms)[0m  [1m[34mSELECT "schema_migrations"."version" FROM "schema_migrations" ORDER BY "schema_migrations"."version" ASC[0m
Migrating to CreateEntries (20170811154026)
  [1m[35m (0.1ms)[0m  [1m[36mbegin transaction[0m
  [1m[35m (0.1ms)[0m  [1m[34mSELECT sqlite_version(*)[0m
  [1m[35m (0.5ms)[0m  [1m[35mCREATE TABLE "entries" ("id" INTEGER PRIMARY KEY AUTOINCREMENT NOT NULL, "name" varchar, "user_name" varchar, "tz" varchar, "image" varchar, "email" varchar, "search" varchar, "location" varchar, "count" integer, "created_at" datetime NOT NULL, "updated_at" datetime NOT NULL)[0m
  [1m[35mSQL (0.2ms)[0m  [1m[32mINSERT INTO "schema_migrations" ("version") VALUES (?)[0m  [["version", "20170811154026"]]
  [1m[35m (9.3ms)[0m  [1m[36mcommit transaction[0m
  [1m[36mActiveRecord::InternalMetadata Load (0.3ms)[0m  [1m[34mSELECT  "ar_internal_metadata".* FROM "ar_internal_metadata" WHERE "ar_internal_metadata"."key" = ? LIMIT ?[0m  [["key", "environment"], ["LIMIT", 1]]
  [1m[35m (0.1ms)[0m  [1m[36mbegin transaction[0m
  [1m[35m (0.1ms)[0m  [1m[36mcommit transaction[0m
  [1m[35m (0.1ms)[0m  [1m[34mSELECT "schema_migrations"."version" FROM "schema_migrations" ORDER BY "schema_migrations"."version" ASC[0m
  [1m[36mEntry Load (2.1ms)[0m  [1m[34mSELECT  "entries".* FROM "entries" LIMIT ?[0m  [["LIMIT", 11]]
  [1m[36mEntry Load (7.4ms)[0m  [1m[34mSELECT  "entries".* FROM "entries" LIMIT ?[0m  [["LIMIT", 11]]
Started POST "/entries" for 127.0.0.1 at 2017-08-14 10:11:46 -0400
  [1m[35m (0.2ms)[0m  [1m[34mSELECT "schema_migrations"."version" FROM "schema_migrations" ORDER BY "schema_migrations"."version" ASC[0m
Processing by EntriesController#create as HTML
  Parameters: {"name"=>"Logan Morales", "user_name"=>"moralesl5", "tz"=>"America/New_York", "image"=>"https://avatars.slack-edge.com/2017-05-20/186122847829_5e70481d42b638de7260_512.jpg", "email"=>"loganjmorales@gmail.com", "search"=>"tacos", "location"=>"10 E 21st St, New York, NY 10010, USA", "entry"=>{"name"=>"Logan Morales", "user_name"=>"moralesl5", "tz"=>"America/New_York", "image"=>"https://avatars.slack-edge.com/2017-05-20/186122847829_5e70481d42b638de7260_512.jpg", "email"=>"loganjmorales@gmail.com", "search"=>"tacos", "location"=>"10 E 21st St, New York, NY 10010, USA"}}
Unpermitted parameter: :entry
  [1m[35m (0.1ms)[0m  [1m[36mbegin transaction[0m
  [1m[35mSQL (2.1ms)[0m  [1m[32mINSERT INTO "entries" ("name", "user_name", "tz", "image", "email", "search", "location", "created_at", "updated_at") VALUES (?, ?, ?, ?, ?, ?, ?, ?, ?)[0m  [["name", "Logan Morales"], ["user_name", "moralesl5"], ["tz", "America/New_York"], ["image", "https://avatars.slack-edge.com/2017-05-20/186122847829_5e70481d42b638de7260_512.jpg"], ["email", "loganjmorales@gmail.com"], ["search", "tacos"], ["location", "10 E 21st St, New York, NY 10010, USA"], ["created_at", "2017-08-14 14:11:47.406671"], ["updated_at", "2017-08-14 14:11:47.406671"]]
  [1m[35m (3.6ms)[0m  [1m[36mcommit transaction[0m
Completed 200 OK in 37ms (Views: 2.3ms | ActiveRecord: 7.1ms)


  [1m[36mEntry Load (0.3ms)[0m  [1m[34mSELECT  "entries".* FROM "entries" LIMIT ?[0m  [["LIMIT", 11]]
Started POST "/entries" for 127.0.0.1 at 2017-08-14 10:30:57 -0400
Processing by EntriesController#create as HTML
  Parameters: {"name"=>"Logan Morales", "user_name"=>"moralesl5", "tz"=>"America/New_York", "image"=>"https://avatars.slack-edge.com/2017-05-20/186122847829_5e70481d42b638de7260_512.jpg", "email"=>"loganjmorales@gmail.com", "search"=>"burgers", "location"=>"10 E 21st St, New York, NY 10010, USA", "entry"=>{"name"=>"Logan Morales", "user_name"=>"moralesl5", "tz"=>"America/New_York", "image"=>"https://avatars.slack-edge.com/2017-05-20/186122847829_5e70481d42b638de7260_512.jpg", "email"=>"loganjmorales@gmail.com", "search"=>"burgers", "location"=>"10 E 21st St, New York, NY 10010, USA"}}
Unpermitted parameter: :entry
  [1m[35m (0.2ms)[0m  [1m[36mbegin transaction[0m
  [1m[35mSQL (2.2ms)[0m  [1m[32mINSERT INTO "entries" ("name", "user_name", "tz", "image", "email", "search", "location", "created_at", "updated_at") VALUES (?, ?, ?, ?, ?, ?, ?, ?, ?)[0m  [["name", "Logan Morales"], ["user_name", "moralesl5"], ["tz", "America/New_York"], ["image", "https://avatars.slack-edge.com/2017-05-20/186122847829_5e70481d42b638de7260_512.jpg"], ["email", "loganjmorales@gmail.com"], ["search", "burgers"], ["location", "10 E 21st St, New York, NY 10010, USA"], ["created_at", "2017-08-14 14:30:57.049674"], ["updated_at", "2017-08-14 14:30:57.049674"]]
  [1m[35m (1.0ms)[0m  [1m[36mcommit transaction[0m
Completed 200 OK in 33ms (Views: 6.2ms | ActiveRecord: 4.1ms)


  [1m[36mEntry Load (2.5ms)[0m  [1m[34mSELECT  "entries".* FROM "entries" ORDER BY "entries"."id" DESC LIMIT ?[0m  [["LIMIT", 1]]
